<?xml version="1.0" encoding="UTF-8"?>
<!-- Generated by org.testng.reporters.JUnitXMLReporter -->
<testsuite hostname="SD" ignored="3" name="Default test" tests="2" failures="0" timestamp="31 Jul 2018 07:21:16 GMT" time="2.895" errors="0">
  <testcase name="getCountries" time="2.473" classname="apiTestScript.RestApiClientTest"/>
  <testcase name="modifyCountry" time="0.182" classname="apiTestScript.RestApiClientTest"/>
  <testcase name="registerCountry" time="0.0" classname="apiTestScript.RestApiClientTest">
    <ignored/>
  </testcase> <!-- registerCountry -->
  <testcase name="removeCountry" time="0.0" classname="apiTestScript.RestApiClientTest">
    <ignored/>
  </testcase> <!-- removeCountry -->
  <testcase name="getCountryById" time="0.0" classname="apiTestScript.RestApiClientTest">
    <ignored/>
  </testcase> <!-- getCountryById -->
</testsuite> <!-- Default test -->
