<?xml version="1.0" encoding="UTF-8"?>
<!-- Generated by org.testng.reporters.JUnitXMLReporter -->
<testsuite hostname="SD" ignored="1" name="Default test" tests="2" failures="0" timestamp="29 Jul 2018 12:33:10 GMT" time="2.393" errors="0">
  <testcase name="getCountries" time="2.285" classname="apiTestScript.RestApiClientTest"/>
  <testcase name="getCountryById" time="0.055" classname="apiTestScript.RestApiClientTest"/>
  <testcase name="registerCountry" time="0.0" classname="apiTestScript.RestApiClientTest">
    <ignored/>
  </testcase> <!-- registerCountry -->
</testsuite> <!-- Default test -->
