<?xml version="1.0" encoding="UTF-8"?>
<testng-results skipped="0" failed="0" ignored="3" total="5" passed="2">
  <reporter-output>
  </reporter-output>
  <suite name="Default suite" duration-ms="2895" started-at="2018-07-31T07:21:13Z" finished-at="2018-07-31T07:21:16Z">
    <groups>
    </groups>
    <test name="Default test" duration-ms="2895" started-at="2018-07-31T07:21:13Z" finished-at="2018-07-31T07:21:16Z">
      <class name="apiTestScript.RestApiClientTest">
        <test-method status="PASS" signature="setUp()[pri:0, instance:apiTestScript.RestApiClientTest@5b275dab]" name="setUp" is-config="true" duration-ms="197" started-at="2018-07-31T07:21:13Z" finished-at="2018-07-31T07:21:13Z">
          <reporter-output>
          </reporter-output>
        </test-method> <!-- setUp -->
        <test-method status="PASS" signature="getCountries()[pri:1, instance:apiTestScript.RestApiClientTest@5b275dab]" name="getCountries" duration-ms="2473" started-at="2018-07-31T07:21:13Z" finished-at="2018-07-31T07:21:15Z">
          <reporter-output>
          </reporter-output>
        </test-method> <!-- getCountries -->
        <test-method status="PASS" signature="setUp()[pri:0, instance:apiTestScript.RestApiClientTest@5b275dab]" name="setUp" is-config="true" duration-ms="1" started-at="2018-07-31T07:21:15Z" finished-at="2018-07-31T07:21:15Z">
          <reporter-output>
          </reporter-output>
        </test-method> <!-- setUp -->
        <test-method status="PASS" signature="modifyCountry()[pri:1, instance:apiTestScript.RestApiClientTest@5b275dab]" name="modifyCountry" duration-ms="182" started-at="2018-07-31T07:21:15Z" finished-at="2018-07-31T07:21:16Z">
          <reporter-output>
          </reporter-output>
        </test-method> <!-- modifyCountry -->
      </class> <!-- apiTestScript.RestApiClientTest -->
    </test> <!-- Default test -->
  </suite> <!-- Default suite -->
</testng-results>
