<?xml version="1.0" encoding="UTF-8"?>
<testng-results skipped="0" failed="0" ignored="1" total="3" passed="2">
  <reporter-output>
  </reporter-output>
  <suite name="Default suite" duration-ms="2393" started-at="2018-07-29T12:33:08Z" finished-at="2018-07-29T12:33:10Z">
    <groups>
    </groups>
    <test name="Default test" duration-ms="2393" started-at="2018-07-29T12:33:08Z" finished-at="2018-07-29T12:33:10Z">
      <class name="apiTestScript.RestApiClientTest">
        <test-method status="PASS" signature="setUp()[pri:0, instance:apiTestScript.RestApiClientTest@5b275dab]" name="setUp" is-config="true" duration-ms="9" started-at="2018-07-29T12:33:08Z" finished-at="2018-07-29T12:33:08Z">
          <reporter-output>
          </reporter-output>
        </test-method> <!-- setUp -->
        <test-method status="PASS" signature="getCountries()[pri:0, instance:apiTestScript.RestApiClientTest@5b275dab]" name="getCountries" duration-ms="2285" started-at="2018-07-29T12:33:08Z" finished-at="2018-07-29T12:33:10Z">
          <reporter-output>
          </reporter-output>
        </test-method> <!-- getCountries -->
        <test-method status="PASS" signature="setUp()[pri:0, instance:apiTestScript.RestApiClientTest@5b275dab]" name="setUp" is-config="true" duration-ms="1" started-at="2018-07-29T12:33:10Z" finished-at="2018-07-29T12:33:10Z">
          <reporter-output>
          </reporter-output>
        </test-method> <!-- setUp -->
        <test-method status="PASS" signature="getCountryById()[pri:0, instance:apiTestScript.RestApiClientTest@5b275dab]" name="getCountryById" duration-ms="55" started-at="2018-07-29T12:33:10Z" finished-at="2018-07-29T12:33:10Z">
          <reporter-output>
          </reporter-output>
        </test-method> <!-- getCountryById -->
      </class> <!-- apiTestScript.RestApiClientTest -->
    </test> <!-- Default test -->
  </suite> <!-- Default suite -->
</testng-results>
